 
cpldfit:  version P.20131013                        Xilinx Inc.
                                  Fitter Report
Design Name: cpld_toplevel                       Date:  4-21-2019,  1:04AM
Device Used: XC2C64A-5-VQ44
Fitting Status: Successful

*************************  Mapped Resource Summary  **************************

Macrocells     Product Terms    Function Block   Registers      Pins           
Used/Tot       Used/Tot         Inps Used/Tot    Used/Tot       Used/Tot       
60 /64  ( 94%) 143 /224  ( 64%) 105 /160  ( 66%) 47 /64  ( 73%) 9  /33  ( 27%)

** Function Block Resources **

Function Mcells   FB Inps  Pterms   IO       CTC      CTR      CTS      CTE     
Block    Used/Tot Used/Tot Used/Tot Used/Tot Used/Tot Used/Tot Used/Tot Used/Tot
FB1      16/16*    24/40    43/56     2/ 8    1/1*     0/1      0/1      0/1
FB2      16/16*    26/40    32/56     0/ 9    1/1*     0/1      0/1      0/1
FB3      16/16*    37/40    38/56     2/ 9    1/1*     0/1      0/1      0/1
FB4      12/16     18/40    30/56     0/ 7    0/1      0/1      0/1      0/1
         -----    -------  -------   -----    ---      ---      ---      ---
Total    60/64    105/160  143/224    4/33    3/4      0/4      0/4      0/4 

CTC - Control Term Clock
CTR - Control Term Reset
CTS - Control Term Set
CTE - Control Term Output Enable

* - Resource is exhausted

** Global Control Resources **

GCK         GSR         GTS         DGE         
Used/Tot    Used/Tot    Used/Tot    Used/Tot    
1/3         0/1         0/4         0/0

Signal 'clk4mhz' mapped onto global clock net GCK2.

** Pin Resources **

Signal Type    Required     Mapped  |  Pin Type            Used    Total 
------------------------------------|------------------------------------
Input         :    4           4    |  I/O              :     6     25
Output        :    4           4    |  GCK/IO           :     1      3
Bidirectional :    0           0    |  GTS/IO           :     2      4
GCK           :    1           1    |  GSR/IO           :     0      1
GTS           :    0           0    |  
GSR           :    0           0    |  
                 ----        ----
        Total      9           9

End of Mapped Resource Summary
**************************  Errors and Warnings  ***************************

WARNING:Cpld - Unable to retrieve the path to the iSE Project Repository. Will
   use the default filename of 'cpld_toplevel.ise'.
INFO:Cpld - Inferring BUFG constraint for signal 'clk4mhz' based upon the LOC
   constraint 'P1'. It is recommended that you declare this BUFG explicitedly in
   your design. Note that for certain device families the output of a BUFG
   constraint can not drive a gated clock, and the BUFG constraint will be
   ignored.
WARNING:Cpld:936 - The output buffer 'el_OBUF' is missing an input and will be
   deleted.
WARNING:Cpld:936 - The output buffer 'az_OBUF' is missing an input and will be
   deleted.
WARNING:Cpld:1007 - Removing unused input(s) 'burst'.  The input(s) are unused
   after optimization. Please verify functionality via simulation.
WARNING:Cpld:1007 - Removing unused input(s) 'field'.  The input(s) are unused
   after optimization. Please verify functionality via simulation.
WARNING:Cpld:1007 - Removing unused input(s) 'io<27>'.  The input(s) are unused
   after optimization. Please verify functionality via simulation.
WARNING:Cpld:1007 - Removing unused input(s) 'io<28>'.  The input(s) are unused
   after optimization. Please verify functionality via simulation.
WARNING:Cpld:1007 - Removing unused input(s) 'io<29>'.  The input(s) are unused
   after optimization. Please verify functionality via simulation.
WARNING:Cpld:1007 - Removing unused input(s) 'io<30>'.  The input(s) are unused
   after optimization. Please verify functionality via simulation.
WARNING:Cpld:1007 - Removing unused input(s) 'io<33>'.  The input(s) are unused
   after optimization. Please verify functionality via simulation.
*************************  Summary of Mapped Logic  ************************

** 4 Outputs **

Signal                 Total Total Bank Loc     Pin   Pin       Pin     I/O      I/O       Slew Reg     Reg Init
Name                   Pts   Inps               No.   Type      Use     STD      Style     Rate Use     State
gate_b                 1     1     2    FB1_1   38    I/O       O       LVCMOS33           FAST         
gate_w                 9     19    2    FB1_2   37    I/O       O       LVCMOS33           FAST         
led<0>                 6     10    2    FB3_12  20    I/O       O       LVCMOS33           FAST DFF     RESET
led<1>                 5     13    2    FB3_14  19    I/O       O       LVCMOS33           FAST DFF     RESET

** 56 Buried Nodes **

Signal                 Total Total Loc     Reg     Reg Init
Name                   Pts   Inps          Use     State
N_PZ_361               4     7     FB1_3           
columnCount<5>         2     7     FB1_4   TFF     RESET
lineCount<6>           3     9     FB1_5   TFF     RESET
columnCount<6>         2     8     FB1_6   TFF     RESET
lineCount<7>           3     10    FB1_7   TFF     RESET
lineCount<8>           3     11    FB1_8   TFF     RESET
lineCount<3>           3     6     FB1_9   TFF     RESET
columnCount<3>         2     5     FB1_10  TFF     RESET
lineCount<4>           3     7     FB1_11  TFF     RESET
columnCount<4>         2     6     FB1_12  TFF     RESET
lineCount<5>           3     8     FB1_13  TFF     RESET
columnCount<7>         2     9     FB1_14  TFF     RESET
columnCount<8>         2     10    FB1_15  TFF     RESET
N_PZ_271               4     17    FB1_16          
targetLine<2>          2     5     FB2_1   DFF     RESET
lineCount<2>           3     5     FB2_2   TFF     RESET
targetColumn<4>        2     5     FB2_3   DFF     RESET
targetDetected         2     4     FB2_4   DFF     RESET
lineCount<1>           3     4     FB2_5   DFF     RESET
targetLine<1>          2     5     FB2_6   DFF     RESET
targetLine<0>          2     5     FB2_7   DFF     RESET
targetColumn<8>        2     5     FB2_8   DFF     RESET
targetColumn<3>        2     5     FB2_9   DFF     RESET
targetColumn<7>        2     5     FB2_10  DFF     RESET
N_PZ_309               2     3     FB2_11          
targetColumn<6>        2     5     FB2_12  DFF     RESET
targetColumn<5>        2     5     FB2_13  DFF     RESET
columnCount<2>         2     4     FB2_14  TFF     RESET
columnCount<1>         2     3     FB2_15  DFF     RESET
columnCount<0>         1     2     FB2_16  DFF     RESET
numColumn<0>           2     3     FB3_1   DFF     RESET
lineCount<0>           2     3     FB3_2   DFF     RESET
elOut_1                2     2     FB3_3   DEFF    RESET
N_PZ_298               3     6     FB3_4           
targetLine<8>          2     5     FB3_5   DFF     RESET
azOut_1                2     2     FB3_6   DEFF    RESET
targetLine<7>          2     5     FB3_7   DFF     RESET
targetLine<6>          2     5     FB3_8   DFF     RESET
targetLine<5>          2     5     FB3_9   DFF     RESET
N_PZ_454               1     2     FB3_10          

Signal                 Total Total Loc     Reg     Reg Init
Name                   Pts   Inps          Use     State
N_PZ_453               1     2     FB3_11          
targetLine<4>          2     5     FB3_13  DFF     RESET
N_PZ_332               3     5     FB3_15          
targetLine<3>          2     5     FB3_16  DFF     RESET
numColumn<3>           3     4     FB4_3   DFF     RESET
numColumn<1>           3     4     FB4_4   DFF     RESET
numColumn<2>           3     6     FB4_5   DFF     RESET
numColumn<4>           2     5     FB4_6   DFF     RESET
numColumn<7>           2     5     FB4_8   TFF     RESET
numColumn<6>           3     5     FB4_9   TFF     RESET
numColumn<8>           3     7     FB4_10  TFF     RESET
N_PZ_321               2     12    FB4_12          
N_PZ_329               1     3     FB4_13          
numColumn<5>           2     3     FB4_14  DFF     RESET
N_PZ_256               1     4     FB4_15          
targetDetected_or0002  5     12    FB4_16          

** 5 Inputs **

Signal                 Bank Loc     Pin   Pin       Pin     I/O      I/O
Name                                No.   Type      Use     STD      Style
io<32>                 2    FB1_11  32    GTS/I/O   I       LVCMOS33 PU
io<31>                 2    FB1_12  31    GTS/I/O   I       LVCMOS33 PU
csync                  1    FB2_1   39    I/O       I       LVCMOS33 PU
vsync                  1    FB2_6   42    I/O       I       LVCMOS33 PU
clk4mhz                1    FB2_10  1     GCK/I/O   GCK     LVCMOS33 PU

Legend:
Pin No.   - ~     - User Assigned
I/O Style - OD    - OpenDrain
          - PU    - Pullup
          - KPR   - Keeper
          - S     - SchmittTrigger
          - DG    - DataGate
Reg Use   - LATCH - Transparent latch
          - DFF   - D-flip-flop
          - DEFF  - D-flip-flop with clock enable
          - TFF   - T-flip-flop
          - TDFF  - Dual-edge-triggered T-flip-flop
          - DDFF  - Dual-edge-triggered flip-flop
          - DDEFF - Dual-edge-triggered flip-flop with clock enable
          /S (after any above flop/latch type) indicates initial state is Set
**************************  Function Block Details  ************************
Legend:
Total Pt     - Total product terms used by the macrocell signal
Loc          - Location where logic was mapped in device
Pin Type/Use - I  - Input             GCK - Global clock
               O  - Output            GTS - Global Output Enable
              (b) - Buried macrocell  GSR - Global Set/Reset
              VRF - Vref
Pin No.      - ~  - User Assigned
*********************************** FB1  ***********************************
This function block is part of I/O Bank number:               2
Number of function block inputs used/remaining:               24/16
Number of function block control terms used/remaining:        1/3
Number of PLA product terms used/remaining:                   43/13
Signal                        Total Loc     Pin  Pin     Pin   CTC CTR CTS CTE
Name                          Pt            No.  Type    Use   
gate_b                        1     FB1_1   38   I/O     O                 
gate_w                        9     FB1_2   37   I/O     O                 
N_PZ_361                      4     FB1_3   36   I/O     (b)               
columnCount<5>                2     FB1_4        (b)     (b)               
lineCount<6>                  3     FB1_5        (b)     (b)    +          
columnCount<6>                2     FB1_6        (b)     (b)               
lineCount<7>                  3     FB1_7        (b)     (b)    +          
lineCount<8>                  3     FB1_8        (b)     (b)    +          
lineCount<3>                  3     FB1_9   34   GTS/I/O (b)    +          
columnCount<3>                2     FB1_10  33   GTS/I/O (b)               
lineCount<4>                  3     FB1_11  32   GTS/I/O I      +          
columnCount<4>                2     FB1_12  31   GTS/I/O I                 
lineCount<5>                  3     FB1_13  30   GSR/I/O (b)    +          
columnCount<7>                2     FB1_14       (b)     (b)               
columnCount<8>                2     FB1_15       (b)     (b)               
N_PZ_271                      4     FB1_16       (b)     (b)               

Signals Used by Logic in Function Block
  1: N_PZ_271           9: columnCount<6>    17: lineCount<2> 
  2: N_PZ_309          10: columnCount<7>    18: lineCount<3> 
  3: columnCount<0>    11: columnCount<8>    19: lineCount<4> 
  4: columnCount<1>    12: csync             20: lineCount<5> 
  5: columnCount<2>    13: io<31>            21: lineCount<6> 
  6: columnCount<3>    14: io<32>            22: lineCount<7> 
  7: columnCount<4>    15: lineCount<0>      23: lineCount<8> 
  8: columnCount<5>    16: lineCount<1>      24: vsync 

Signal                     1         2         3         4 FB      
Name             0----+----0----+----0----+----0----+----0 Inputs  
gate_b            .............X.......................... 1       
gate_w            .X.XXXXXXXX.X.XXXXXXXXX................. 19      
N_PZ_361          X.............XXXXX....X................ 7       
columnCount<5>    ..XXXXXX...X............................ 7       
lineCount<6>      ...........X..XXXXXXX..X................ 9       
columnCount<6>    ..XXXXXXX..X............................ 8       
lineCount<7>      ...........X..XXXXXXXX.X................ 10      
lineCount<8>      ...........X..XXXXXXXXXX................ 11      
lineCount<3>      ...........X..XXXX.....X................ 6       
columnCount<3>    ..XXXX.....X............................ 5       
lineCount<4>      ...........X..XXXXX....X................ 7       
columnCount<4>    ..XXXXX....X............................ 6       
lineCount<5>      ...........X..XXXXXX...X................ 8       
columnCount<7>    ..XXXXXXXX.X............................ 9       
columnCount<8>    ..XXXXXXXXXX............................ 10      
N_PZ_271          ..XXXXXXXXXX....XXXXXXX................. 17      
                 0----+----1----+----2----+----3----+----4
                           0         0         0         0
*********************************** FB2  ***********************************
This function block is part of I/O Bank number:               1
Number of function block inputs used/remaining:               26/14
Number of function block control terms used/remaining:        1/3
Number of PLA product terms used/remaining:                   32/24
Signal                        Total Loc     Pin  Pin     Pin   CTC CTR CTS CTE
Name                          Pt            No.  Type    Use   
targetLine<2>                 2     FB2_1   39   I/O     I                 
lineCount<2>                  3     FB2_2   40   I/O     (b)    +          
targetColumn<4>               2     FB2_3        (b)     (b)               
targetDetected                2     FB2_4        (b)     (b)               
lineCount<1>                  3     FB2_5   41   I/O     (b)    +          
targetLine<1>                 2     FB2_6   42   I/O     I                 
targetLine<0>                 2     FB2_7   43   GCK/I/O (b)               
targetColumn<8>               2     FB2_8   44   GCK/I/O (b)               
targetColumn<3>               2     FB2_9        (b)     (b)               
targetColumn<7>               2     FB2_10  1    GCK/I/O GCK               
N_PZ_309                      2     FB2_11       (b)     (b)               
targetColumn<6>               2     FB2_12  2    I/O     (b)               
targetColumn<5>               2     FB2_13  3    I/O     (b)               
columnCount<2>                2     FB2_14       (b)     (b)               
columnCount<1>                2     FB2_15       (b)     (b)               
columnCount<0>                1     FB2_16       (b)     (b)               

Signals Used by Logic in Function Block
  1: N_PZ_321          10: columnCount<8>    19: targetColumn<7> 
  2: columnCount<0>    11: csync             20: targetColumn<8> 
  3: columnCount<1>    12: lineCount<0>      21: targetDetected 
  4: columnCount<2>    13: lineCount<1>      22: targetDetected_or0002 
  5: columnCount<3>    14: lineCount<2>      23: targetLine<0> 
  6: columnCount<4>    15: targetColumn<3>   24: targetLine<1> 
  7: columnCount<5>    16: targetColumn<4>   25: targetLine<2> 
  8: columnCount<6>    17: targetColumn<5>   26: vsync 
  9: columnCount<7>    18: targetColumn<6>  

Signal                     1         2         3         4 FB      
Name             0----+----0----+----0----+----0----+----0 Inputs  
targetLine<2>     X............X.......X..XX.............. 5       
lineCount<2>      ..........XXXX...........X.............. 5       
targetColumn<4>   X....X.........X.....X...X.............. 5       
targetDetected    X...................XX...X.............. 4       
lineCount<1>      ..........XXX............X.............. 4       
targetLine<1>     X...........X........X.X.X.............. 5       
targetLine<0>     X..........X.........XX..X.............. 5       
targetColumn<8>   X........X.........X.X...X.............. 5       
targetColumn<3>   X...X.........X......X...X.............. 5       
targetColumn<7>   X.......X.........X..X...X.............. 5       
N_PZ_309          ..XXX................................... 3       
targetColumn<6>   X......X.........X...X...X.............. 5       
targetColumn<5>   X.....X.........X....X...X.............. 5       
columnCount<2>    .XXX......X............................. 4       
columnCount<1>    .XX.......X............................. 3       
columnCount<0>    .X........X............................. 2       
                 0----+----1----+----2----+----3----+----4
                           0         0         0         0
*********************************** FB3  ***********************************
This function block is part of I/O Bank number:               2
Number of function block inputs used/remaining:               37/3
Number of function block control terms used/remaining:        1/3
Number of PLA product terms used/remaining:                   38/18
Signal                        Total Loc     Pin  Pin     Pin   CTC CTR CTS CTE
Name                          Pt            No.  Type    Use   
numColumn<0>                  2     FB3_1   29   I/O     (b)               
lineCount<0>                  2     FB3_2   28   I/O     (b)    +          
elOut_1                       2     FB3_3   27   I/O     (b)               
N_PZ_298                      3     FB3_4        (b)     (b)               
targetLine<8>                 2     FB3_5        (b)     (b)               
azOut_1                       2     FB3_6   23   I/O     (b)               
targetLine<7>                 2     FB3_7        (b)     (b)               
targetLine<6>                 2     FB3_8        (b)     (b)               
targetLine<5>                 2     FB3_9        (b)     (b)               
N_PZ_454                      1     FB3_10  22   I/O     (b)               
N_PZ_453                      1     FB3_11  21   I/O     (b)               
led<0>                        6     FB3_12  20   I/O     O                 
targetLine<4>                 2     FB3_13       (b)     (b)               
led<1>                        5     FB3_14  19   I/O     O                 
N_PZ_332                      3     FB3_15  18   I/O     (b)               
targetLine<3>                 2     FB3_16       (b)     (b)               

Signals Used by Logic in Function Block
  1: N_PZ_271          14: lineCount<4>      26: targetDetected 
  2: N_PZ_298          15: lineCount<5>      27: targetDetected_or0002 
  3: N_PZ_321          16: lineCount<6>      28: targetLine<0> 
  4: N_PZ_453          17: lineCount<7>      29: targetLine<1> 
  5: N_PZ_454          18: lineCount<8>      30: targetLine<2> 
  6: azOut_1           19: numColumn<0>      31: targetLine<3> 
  7: csync             20: targetColumn<3>   32: targetLine<4> 
  8: elOut_1           21: targetColumn<4>   33: targetLine<5> 
  9: led<0>            22: targetColumn<5>   34: targetLine<6> 
 10: led<1>            23: targetColumn<6>   35: targetLine<7> 
 11: lineCount<0>      24: targetColumn<7>   36: targetLine<8> 
 12: lineCount<1>      25: targetColumn<8>   37: vsync 
 13: lineCount<3>     

Signal                     1         2         3         4 FB      
Name             0----+----0----+----0----+----0----+----0 Inputs  
numColumn<0>      .X................X.................X... 3       
lineCount<0>      ......X...X.........................X... 3       
elOut_1           ....X...............................X... 2       
N_PZ_298          X.........XXXX......................X... 6       
targetLine<8>     ..X..............X........X........XX... 5       
azOut_1           ...X................................X... 2       
targetLine<7>     ..X.............X.........X.......X.X... 5       
targetLine<6>     ..X............X..........X......X..X... 5       
targetLine<5>     ..X...........X...........X.....X...X... 5       
N_PZ_454          .......X............................X... 2       
N_PZ_453          .....X..............................X... 2       
led<0>            .....X..X..........XXXXXXX..........X... 10      
targetLine<4>     ..X..........X............X....X....X... 5       
led<1>            .......X.X...............X.XXXXXXXXXX... 13      
N_PZ_332          X.........XXXX.......................... 5       
targetLine<3>     ..X.........X.............X...X.....X... 5       
                 0----+----1----+----2----+----3----+----4
                           0         0         0         0
*********************************** FB4  ***********************************
This function block is part of I/O Bank number:               1
Number of function block inputs used/remaining:               18/22
Number of function block control terms used/remaining:        0/4
Number of PLA product terms used/remaining:                   30/26
Signal                        Total Loc     Pin  Pin     Pin   CTC CTR CTS CTE
Name                          Pt            No.  Type    Use   
(unused)                      0     FB4_1   5    I/O           
(unused)                      0     FB4_2   6    I/O           
numColumn<3>                  3     FB4_3        (b)     (b)               
numColumn<1>                  3     FB4_4        (b)     (b)               
numColumn<2>                  3     FB4_5        (b)     (b)               
numColumn<4>                  2     FB4_6        (b)     (b)               
(unused)                      0     FB4_7   8    I/O           
numColumn<7>                  2     FB4_8        (b)     (b)               
numColumn<6>                  3     FB4_9        (b)     (b)               
numColumn<8>                  3     FB4_10       (b)     (b)               
(unused)                      0     FB4_11  12   I/O           
N_PZ_321                      2     FB4_12       (b)     (b)               
N_PZ_329                      1     FB4_13  13   I/O     (b)               
numColumn<5>                  2     FB4_14  14   I/O     (b)               
N_PZ_256                      1     FB4_15  16   I/O     (b)               
targetDetected_or0002         5     FB4_16       (b)     (b)               

Signals Used by Logic in Function Block
  1: N_PZ_256           7: numColumn<0>      13: numColumn<6> 
  2: N_PZ_298           8: numColumn<1>      14: numColumn<7> 
  3: N_PZ_329           9: numColumn<2>      15: numColumn<8> 
  4: N_PZ_332          10: numColumn<3>      16: targetDetected 
  5: N_PZ_361          11: numColumn<4>      17: targetDetected_or0002 
  6: csync             12: numColumn<5>      18: vsync 

Signal                     1         2         3         4 FB      
Name             0----+----0----+----0----+----0----+----0 Inputs  
numColumn<3>      X..X.....X.......X...................... 4       
numColumn<1>      .X....XX.........X...................... 4       
numColumn<2>      XX....XXX........X...................... 6       
numColumn<4>      X.X.X....XX............................. 5       
numColumn<7>      ..X.X......XXX.......................... 5       
numColumn<6>      ..XX.......XX....X...................... 5       
numColumn<8>      ..XX.......XXXX..X...................... 7       
N_PZ_321          ......XXXXXXXXXXXX...................... 12      
N_PZ_329          X........XX............................. 3       
numColumn<5>      ..X.X......X............................ 3       
N_PZ_256          ......XXX........X...................... 4       
targetDetected_or0002 
                  ...X.XXXXXXXXXXX........................ 12      
                 0----+----1----+----2----+----3----+----4
                           0         0         0         0
*******************************  Equations  ********************************

********** Mapped Logic **********


N_PZ_256 <= (NOT vsync AND numColumn(0) AND numColumn(1) AND 
	numColumn(2));


N_PZ_271 <= ((columnCount(3) AND NOT csync AND columnCount(2) AND 
	NOT columnCount(1) AND lineCount(2) AND lineCount(3) AND NOT lineCount(5) AND 
	NOT lineCount(6) AND lineCount(7) AND NOT columnCount(4) AND NOT columnCount(5) AND 
	NOT columnCount(6) AND columnCount(7) AND NOT lineCount(8) AND NOT columnCount(8))
	OR (columnCount(3) AND NOT csync AND columnCount(2) AND 
	NOT columnCount(1) AND NOT lineCount(2) AND lineCount(4) AND NOT lineCount(5) AND 
	NOT lineCount(6) AND lineCount(7) AND NOT columnCount(4) AND NOT columnCount(5) AND 
	NOT columnCount(6) AND columnCount(7) AND NOT lineCount(8) AND NOT columnCount(8))
	OR (columnCount(3) AND NOT csync AND columnCount(2) AND 
	NOT columnCount(0) AND lineCount(2) AND lineCount(3) AND NOT lineCount(5) AND 
	NOT lineCount(6) AND lineCount(7) AND NOT columnCount(4) AND NOT columnCount(5) AND 
	NOT columnCount(6) AND columnCount(7) AND NOT lineCount(8) AND NOT columnCount(8))
	OR (columnCount(3) AND NOT csync AND columnCount(2) AND 
	NOT columnCount(0) AND NOT lineCount(2) AND lineCount(4) AND NOT lineCount(5) AND 
	NOT lineCount(6) AND lineCount(7) AND NOT columnCount(4) AND NOT columnCount(5) AND 
	NOT columnCount(6) AND columnCount(7) AND NOT lineCount(8) AND NOT columnCount(8)));


N_PZ_298 <= ((NOT vsync AND NOT lineCount(4) AND N_PZ_271)
	OR (NOT vsync AND NOT lineCount(1) AND NOT lineCount(3) AND N_PZ_271)
	OR (NOT vsync AND NOT lineCount(0) AND NOT lineCount(3) AND N_PZ_271));


N_PZ_309 <= ((NOT columnCount(3) AND NOT columnCount(2))
	OR (columnCount(3) AND columnCount(2) AND columnCount(1)));


N_PZ_321 <= ((NOT vsync AND NOT targetDetected AND NOT targetDetected_or0002 AND 
	numColumn(0) AND numColumn(1) AND NOT numColumn(3) AND NOT numColumn(2) AND 
	NOT numColumn(4) AND NOT numColumn(5) AND NOT numColumn(6) AND NOT numColumn(7) AND 
	NOT numColumn(8))
	OR (NOT vsync AND NOT targetDetected AND NOT targetDetected_or0002 AND 
	NOT numColumn(0) AND NOT numColumn(1) AND NOT numColumn(3) AND numColumn(2) AND 
	NOT numColumn(4) AND NOT numColumn(5) AND NOT numColumn(6) AND NOT numColumn(7) AND 
	NOT numColumn(8)));


N_PZ_329 <= (numColumn(3) AND N_PZ_256 AND numColumn(4));


N_PZ_332 <= ((NOT N_PZ_271)
	OR (lineCount(3) AND lineCount(4))
	OR (lineCount(1) AND lineCount(0) AND lineCount(4)));


N_PZ_361 <= ((NOT vsync AND NOT N_PZ_271)
	OR (lineCount(2) AND NOT vsync AND lineCount(4))
	OR (NOT lineCount(2) AND NOT vsync AND lineCount(3))
	OR (NOT lineCount(2) AND NOT vsync AND lineCount(1) AND 
	lineCount(0)));


N_PZ_453 <= (vsync AND NOT azOut_1);


N_PZ_454 <= (vsync AND NOT elOut_1);

FDCPE_azOut_1: FDCPE port map (azOut_1,NOT vsync,NOT clk4mhz,'0','0',NOT N_PZ_453);

FDCPE_columnCount0: FDCPE port map (columnCount(0),columnCount_D(0),clk4mhz,'0','0','1');
columnCount_D(0) <= (NOT csync AND NOT columnCount(0));

FDCPE_columnCount1: FDCPE port map (columnCount(1),columnCount_D(1),clk4mhz,'0','0','1');
columnCount_D(1) <= ((NOT csync AND columnCount(1) AND NOT columnCount(0))
	OR (NOT csync AND NOT columnCount(1) AND columnCount(0)));

FTCPE_columnCount2: FTCPE port map (columnCount(2),columnCount_T(2),clk4mhz,'0','0','1');
columnCount_T(2) <= ((csync AND columnCount(2))
	OR (NOT csync AND columnCount(1) AND columnCount(0)));

FTCPE_columnCount3: FTCPE port map (columnCount(3),columnCount_T(3),clk4mhz,'0','0','1');
columnCount_T(3) <= ((columnCount(3) AND csync)
	OR (NOT csync AND columnCount(2) AND columnCount(1) AND 
	columnCount(0)));

FTCPE_columnCount4: FTCPE port map (columnCount(4),columnCount_T(4),clk4mhz,'0','0','1');
columnCount_T(4) <= ((csync AND columnCount(4))
	OR (columnCount(3) AND NOT csync AND columnCount(2) AND 
	columnCount(1) AND columnCount(0)));

FTCPE_columnCount5: FTCPE port map (columnCount(5),columnCount_T(5),clk4mhz,'0','0','1');
columnCount_T(5) <= ((csync AND columnCount(5))
	OR (columnCount(3) AND NOT csync AND columnCount(2) AND 
	columnCount(1) AND columnCount(0) AND columnCount(4)));

FTCPE_columnCount6: FTCPE port map (columnCount(6),columnCount_T(6),clk4mhz,'0','0','1');
columnCount_T(6) <= ((csync AND columnCount(6))
	OR (columnCount(3) AND NOT csync AND columnCount(2) AND 
	columnCount(1) AND columnCount(0) AND columnCount(4) AND columnCount(5)));

FTCPE_columnCount7: FTCPE port map (columnCount(7),columnCount_T(7),clk4mhz,'0','0','1');
columnCount_T(7) <= ((csync AND columnCount(7))
	OR (columnCount(3) AND NOT csync AND columnCount(2) AND 
	columnCount(1) AND columnCount(0) AND columnCount(4) AND columnCount(5) AND 
	columnCount(6)));

FTCPE_columnCount8: FTCPE port map (columnCount(8),columnCount_T(8),clk4mhz,'0','0','1');
columnCount_T(8) <= ((csync AND columnCount(8))
	OR (columnCount(3) AND NOT csync AND columnCount(2) AND 
	columnCount(1) AND columnCount(0) AND columnCount(4) AND columnCount(5) AND 
	columnCount(6) AND columnCount(7)));

FDCPE_elOut_1: FDCPE port map (elOut_1,NOT vsync,NOT clk4mhz,'0','0',NOT N_PZ_454);


gate_b <= NOT io(32);


gate_w <= NOT io(31)
	XOR ((NOT lineCount(2) AND NOT lineCount(1) AND NOT lineCount(3) AND 
	NOT lineCount(4) AND NOT lineCount(5) AND NOT lineCount(6) AND lineCount(7) AND 
	columnCount(4) AND columnCount(5) AND columnCount(6) AND NOT columnCount(7) AND 
	NOT lineCount(8) AND NOT columnCount(8) AND NOT N_PZ_309)
	OR (columnCount(3) AND NOT columnCount(2) AND NOT columnCount(1) AND 
	NOT lineCount(2) AND NOT lineCount(3) AND NOT lineCount(4) AND NOT lineCount(5) AND 
	NOT lineCount(6) AND lineCount(7) AND columnCount(4) AND columnCount(5) AND 
	columnCount(6) AND NOT columnCount(7) AND NOT lineCount(8) AND NOT columnCount(8))
	OR (columnCount(3) AND NOT columnCount(2) AND NOT columnCount(1) AND 
	NOT lineCount(1) AND NOT lineCount(3) AND NOT lineCount(4) AND NOT lineCount(5) AND 
	NOT lineCount(6) AND lineCount(7) AND columnCount(4) AND columnCount(5) AND 
	columnCount(6) AND NOT columnCount(7) AND NOT lineCount(8) AND NOT columnCount(8))
	OR (lineCount(2) AND lineCount(1) AND lineCount(0) AND 
	lineCount(3) AND lineCount(4) AND lineCount(5) AND lineCount(6) AND 
	NOT lineCount(7) AND columnCount(4) AND columnCount(5) AND columnCount(6) AND 
	NOT columnCount(7) AND NOT lineCount(8) AND NOT columnCount(8) AND NOT N_PZ_309)
	OR (io(31) AND columnCount(3) AND NOT columnCount(2) AND 
	NOT columnCount(1) AND lineCount(2) AND lineCount(3) AND lineCount(4) AND 
	lineCount(5) AND lineCount(6) AND NOT lineCount(7) AND columnCount(4) AND 
	columnCount(5) AND columnCount(6) AND NOT columnCount(7) AND NOT lineCount(8) AND 
	NOT columnCount(8))
	OR (NOT io(31) AND NOT columnCount(2) AND NOT columnCount(1) AND 
	lineCount(2) AND lineCount(3) AND lineCount(4) AND lineCount(5) AND 
	lineCount(6) AND NOT lineCount(7) AND columnCount(4) AND columnCount(5) AND 
	columnCount(6) AND NOT columnCount(7) AND NOT lineCount(8) AND NOT columnCount(8) AND 
	NOT N_PZ_309)
	OR (io(31) AND columnCount(3) AND NOT columnCount(2) AND 
	NOT columnCount(1) AND lineCount(1) AND lineCount(0) AND lineCount(3) AND 
	lineCount(4) AND lineCount(5) AND lineCount(6) AND NOT lineCount(7) AND 
	columnCount(4) AND columnCount(5) AND columnCount(6) AND NOT columnCount(7) AND 
	NOT lineCount(8) AND NOT columnCount(8))
	OR (NOT io(31) AND NOT columnCount(2) AND NOT columnCount(1) AND 
	lineCount(1) AND lineCount(0) AND lineCount(3) AND lineCount(4) AND 
	lineCount(5) AND lineCount(6) AND NOT lineCount(7) AND columnCount(4) AND 
	columnCount(5) AND columnCount(6) AND NOT columnCount(7) AND NOT lineCount(8) AND 
	NOT columnCount(8) AND NOT N_PZ_309));

FDCPE_led0: FDCPE port map (led(0),led_D(0),NOT clk4mhz,'0','0','1');
led_D(0) <= ((NOT vsync AND led(0))
	OR (NOT azOut_1 AND led(0))
	OR (vsync AND targetDetected AND azOut_1 AND 
	NOT targetColumn(3) AND NOT targetColumn(7) AND NOT targetColumn(8))
	OR (vsync AND targetDetected AND azOut_1 AND 
	NOT targetColumn(7) AND NOT targetColumn(8) AND NOT targetColumn(4))
	OR (vsync AND targetDetected AND azOut_1 AND 
	NOT targetColumn(7) AND NOT targetColumn(8) AND NOT targetColumn(5))
	OR (vsync AND targetDetected AND azOut_1 AND 
	NOT targetColumn(7) AND NOT targetColumn(8) AND NOT targetColumn(6)));

FDCPE_led1: FDCPE port map (led(1),led_D(1),NOT clk4mhz,'0','0','1');
led_D(1) <= ((NOT vsync AND led(1))
	OR (NOT elOut_1 AND led(1))
	OR (vsync AND targetDetected AND elOut_1 AND 
	NOT targetLine(8) AND NOT targetLine(7))
	OR (vsync AND targetDetected AND elOut_1 AND 
	NOT targetLine(0) AND NOT targetLine(2) AND NOT targetLine(3) AND NOT targetLine(4) AND 
	NOT targetLine(5) AND NOT targetLine(6) AND NOT targetLine(8))
	OR (vsync AND targetDetected AND elOut_1 AND 
	NOT targetLine(2) AND NOT targetLine(3) AND NOT targetLine(4) AND NOT targetLine(5) AND 
	NOT targetLine(6) AND NOT targetLine(8) AND NOT targetLine(1)));

FDCPE_lineCount0: FDCPE port map (lineCount(0),lineCount_D(0),csync,'0','0','1');
lineCount_D(0) <= (NOT vsync AND NOT lineCount(0));

FDCPE_lineCount1: FDCPE port map (lineCount(1),lineCount_D(1),csync,'0','0','1');
lineCount_D(1) <= ((NOT vsync AND lineCount(1) AND NOT lineCount(0))
	OR (NOT vsync AND NOT lineCount(1) AND lineCount(0)));

FTCPE_lineCount2: FTCPE port map (lineCount(2),lineCount_T(2),csync,'0','0','1');
lineCount_T(2) <= ((lineCount(2) AND vsync)
	OR (NOT vsync AND lineCount(1) AND lineCount(0)));

FTCPE_lineCount3: FTCPE port map (lineCount(3),lineCount_T(3),csync,'0','0','1');
lineCount_T(3) <= ((vsync AND lineCount(3))
	OR (lineCount(2) AND NOT vsync AND lineCount(1) AND 
	lineCount(0)));

FTCPE_lineCount4: FTCPE port map (lineCount(4),lineCount_T(4),csync,'0','0','1');
lineCount_T(4) <= ((vsync AND lineCount(4))
	OR (lineCount(2) AND NOT vsync AND lineCount(1) AND 
	lineCount(0) AND lineCount(3)));

FTCPE_lineCount5: FTCPE port map (lineCount(5),lineCount_T(5),csync,'0','0','1');
lineCount_T(5) <= ((vsync AND lineCount(5))
	OR (lineCount(2) AND NOT vsync AND lineCount(1) AND 
	lineCount(0) AND lineCount(3) AND lineCount(4)));

FTCPE_lineCount6: FTCPE port map (lineCount(6),lineCount_T(6),csync,'0','0','1');
lineCount_T(6) <= ((vsync AND lineCount(6))
	OR (lineCount(2) AND NOT vsync AND lineCount(1) AND 
	lineCount(0) AND lineCount(3) AND lineCount(4) AND lineCount(5)));

FTCPE_lineCount7: FTCPE port map (lineCount(7),lineCount_T(7),csync,'0','0','1');
lineCount_T(7) <= ((vsync AND lineCount(7))
	OR (lineCount(2) AND NOT vsync AND lineCount(1) AND 
	lineCount(0) AND lineCount(3) AND lineCount(4) AND lineCount(5) AND 
	lineCount(6)));

FTCPE_lineCount8: FTCPE port map (lineCount(8),lineCount_T(8),csync,'0','0','1');
lineCount_T(8) <= ((vsync AND lineCount(8))
	OR (lineCount(2) AND NOT vsync AND lineCount(1) AND 
	lineCount(0) AND lineCount(3) AND lineCount(4) AND lineCount(5) AND 
	lineCount(6) AND lineCount(7)));

FDCPE_numColumn0: FDCPE port map (numColumn(0),numColumn_D(0),NOT clk4mhz,'0','0','1');
numColumn_D(0) <= ((vsync AND numColumn(0))
	OR (NOT numColumn(0) AND N_PZ_298));

FDCPE_numColumn1: FDCPE port map (numColumn(1),numColumn_D(1),NOT clk4mhz,'0','0','1');
numColumn_D(1) <= ((vsync AND numColumn(1))
	OR (numColumn(0) AND N_PZ_298 AND NOT numColumn(1))
	OR (NOT numColumn(0) AND N_PZ_298 AND numColumn(1)));

FDCPE_numColumn2: FDCPE port map (numColumn(2),numColumn_D(2),NOT clk4mhz,'0','0','1');
numColumn_D(2) <= ((vsync AND numColumn(2))
	OR (N_PZ_298 AND NOT N_PZ_256 AND numColumn(2))
	OR (numColumn(0) AND N_PZ_298 AND numColumn(1) AND 
	NOT N_PZ_256));

FDCPE_numColumn3: FDCPE port map (numColumn(3),numColumn_D(3),NOT clk4mhz,'0','0','1');
numColumn_D(3) <= NOT (((NOT vsync AND N_PZ_332)
	OR (numColumn(3) AND N_PZ_256)
	OR (NOT numColumn(3) AND NOT N_PZ_256)));

FDCPE_numColumn4: FDCPE port map (numColumn(4),numColumn_D(4),NOT clk4mhz,'0','0','1');
numColumn_D(4) <= ((numColumn(4) AND NOT N_PZ_329 AND NOT N_PZ_361)
	OR (numColumn(3) AND N_PZ_256 AND NOT N_PZ_329 AND NOT N_PZ_361));

FDCPE_numColumn5: FDCPE port map (numColumn(5),numColumn_D(5),NOT clk4mhz,'0','0','1');
numColumn_D(5) <= ((N_PZ_329 AND NOT N_PZ_361 AND NOT numColumn(5))
	OR (NOT N_PZ_329 AND NOT N_PZ_361 AND numColumn(5)));

FTCPE_numColumn6: FTCPE port map (numColumn(6),numColumn_T(6),NOT clk4mhz,'0','0','1');
numColumn_T(6) <= ((vsync AND N_PZ_329 AND numColumn(5))
	OR (NOT vsync AND N_PZ_332 AND numColumn(6))
	OR (NOT N_PZ_332 AND N_PZ_329 AND numColumn(5)));

FTCPE_numColumn7: FTCPE port map (numColumn(7),numColumn_T(7),NOT clk4mhz,'0','0','1');
numColumn_T(7) <= ((N_PZ_361 AND numColumn(7))
	OR (N_PZ_329 AND NOT N_PZ_361 AND numColumn(5) AND 
	numColumn(6)));

FTCPE_numColumn8: FTCPE port map (numColumn(8),numColumn_T(8),NOT clk4mhz,'0','0','1');
numColumn_T(8) <= ((NOT vsync AND N_PZ_332 AND numColumn(8))
	OR (vsync AND N_PZ_329 AND numColumn(5) AND numColumn(6) AND 
	numColumn(7))
	OR (NOT N_PZ_332 AND N_PZ_329 AND numColumn(5) AND 
	numColumn(6) AND numColumn(7)));

FDCPE_targetColumn3: FDCPE port map (targetColumn(3),targetColumn_D(3),NOT clk4mhz,'0','0','1');
targetColumn_D(3) <= ((columnCount(3) AND N_PZ_321)
	OR (NOT vsync AND targetDetected_or0002 AND targetColumn(3)));

FDCPE_targetColumn4: FDCPE port map (targetColumn(4),targetColumn_D(4),NOT clk4mhz,'0','0','1');
targetColumn_D(4) <= ((columnCount(4) AND N_PZ_321)
	OR (NOT vsync AND targetDetected_or0002 AND targetColumn(4)));

FDCPE_targetColumn5: FDCPE port map (targetColumn(5),targetColumn_D(5),NOT clk4mhz,'0','0','1');
targetColumn_D(5) <= ((columnCount(5) AND N_PZ_321)
	OR (NOT vsync AND targetDetected_or0002 AND targetColumn(5)));

FDCPE_targetColumn6: FDCPE port map (targetColumn(6),targetColumn_D(6),NOT clk4mhz,'0','0','1');
targetColumn_D(6) <= ((columnCount(6) AND N_PZ_321)
	OR (NOT vsync AND targetDetected_or0002 AND targetColumn(6)));

FDCPE_targetColumn7: FDCPE port map (targetColumn(7),targetColumn_D(7),NOT clk4mhz,'0','0','1');
targetColumn_D(7) <= ((columnCount(7) AND N_PZ_321)
	OR (NOT vsync AND targetDetected_or0002 AND targetColumn(7)));

FDCPE_targetColumn8: FDCPE port map (targetColumn(8),targetColumn_D(8),NOT clk4mhz,'0','0','1');
targetColumn_D(8) <= ((columnCount(8) AND N_PZ_321)
	OR (NOT vsync AND targetDetected_or0002 AND targetColumn(8)));

FDCPE_targetDetected: FDCPE port map (targetDetected,targetDetected_D,NOT clk4mhz,'0','0','1');
targetDetected_D <= ((N_PZ_321)
	OR (NOT vsync AND targetDetected AND targetDetected_or0002));


targetDetected_or0002 <= ((csync)
	OR (targetDetected)
	OR (NOT N_PZ_332)
	OR (numColumn(0) AND NOT numColumn(1) AND NOT numColumn(3) AND 
	NOT numColumn(4) AND NOT numColumn(5) AND NOT numColumn(6) AND NOT numColumn(7) AND 
	NOT numColumn(8))
	OR (NOT numColumn(0) AND NOT numColumn(3) AND NOT numColumn(2) AND 
	NOT numColumn(4) AND NOT numColumn(5) AND NOT numColumn(6) AND NOT numColumn(7) AND 
	NOT numColumn(8)));

FDCPE_targetLine0: FDCPE port map (targetLine(0),targetLine_D(0),NOT clk4mhz,'0','0','1');
targetLine_D(0) <= ((lineCount(0) AND N_PZ_321)
	OR (NOT vsync AND targetDetected_or0002 AND targetLine(0)));

FDCPE_targetLine1: FDCPE port map (targetLine(1),targetLine_D(1),NOT clk4mhz,'0','0','1');
targetLine_D(1) <= ((lineCount(1) AND N_PZ_321)
	OR (NOT vsync AND targetDetected_or0002 AND targetLine(1)));

FDCPE_targetLine2: FDCPE port map (targetLine(2),targetLine_D(2),NOT clk4mhz,'0','0','1');
targetLine_D(2) <= ((lineCount(2) AND N_PZ_321)
	OR (NOT vsync AND targetDetected_or0002 AND targetLine(2)));

FDCPE_targetLine3: FDCPE port map (targetLine(3),targetLine_D(3),NOT clk4mhz,'0','0','1');
targetLine_D(3) <= ((lineCount(3) AND N_PZ_321)
	OR (NOT vsync AND targetDetected_or0002 AND targetLine(3)));

FDCPE_targetLine4: FDCPE port map (targetLine(4),targetLine_D(4),NOT clk4mhz,'0','0','1');
targetLine_D(4) <= ((lineCount(4) AND N_PZ_321)
	OR (NOT vsync AND targetDetected_or0002 AND targetLine(4)));

FDCPE_targetLine5: FDCPE port map (targetLine(5),targetLine_D(5),NOT clk4mhz,'0','0','1');
targetLine_D(5) <= ((lineCount(5) AND N_PZ_321)
	OR (NOT vsync AND targetDetected_or0002 AND targetLine(5)));

FDCPE_targetLine6: FDCPE port map (targetLine(6),targetLine_D(6),NOT clk4mhz,'0','0','1');
targetLine_D(6) <= ((lineCount(6) AND N_PZ_321)
	OR (NOT vsync AND targetDetected_or0002 AND targetLine(6)));

FDCPE_targetLine7: FDCPE port map (targetLine(7),targetLine_D(7),NOT clk4mhz,'0','0','1');
targetLine_D(7) <= ((lineCount(7) AND N_PZ_321)
	OR (NOT vsync AND targetDetected_or0002 AND targetLine(7)));

FDCPE_targetLine8: FDCPE port map (targetLine(8),targetLine_D(8),NOT clk4mhz,'0','0','1');
targetLine_D(8) <= ((lineCount(8) AND N_PZ_321)
	OR (NOT vsync AND targetDetected_or0002 AND targetLine(8)));


Register Legend:
 FDCPE (Q,D,C,CLR,PRE,CE); 
 FDDCPE (Q,D,C,CLR,PRE,CE); 
 FTCPE (Q,D,C,CLR,PRE,CE); 
 FTDCPE (Q,D,C,CLR,PRE,CE); 
 LDCP  (Q,D,G,CLR,PRE); 

******************************  Device Pin Out *****************************

Device : XC2C64A-5-VQ44


   --------------------------------  
  /44 43 42 41 40 39 38 37 36 35 34 \
 | 1                             33 | 
 | 2                             32 | 
 | 3                             31 | 
 | 4                             30 | 
 | 5         XC2C64A-5-VQ44      29 | 
 | 6                             28 | 
 | 7                             27 | 
 | 8                             26 | 
 | 9                             25 | 
 | 10                            24 | 
 | 11                            23 | 
 \ 12 13 14 15 16 17 18 19 20 21 22 /
   --------------------------------  


Pin Signal                         Pin Signal                        
No. Name                           No. Name                          
  1 clk4mhz                          23 TIE                           
  2 TIE                              24 TDO                           
  3 TIE                              25 GND                           
  4 GND                              26 VCCIO-3.3                     
  5 TIE                              27 TIE                           
  6 TIE                              28 TIE                           
  7 VCCIO-3.3                        29 TIE                           
  8 TIE                              30 TIE                           
  9 TDI                              31 io<31>                        
 10 TMS                              32 io<32>                        
 11 TCK                              33 TIE                           
 12 TIE                              34 TIE                           
 13 TIE                              35 VCCAUX                        
 14 TIE                              36 TIE                           
 15 VCC                              37 gate_w                        
 16 TIE                              38 gate_b                        
 17 GND                              39 csync                         
 18 TIE                              40 TIE                           
 19 led<1>                           41 TIE                           
 20 led<0>                           42 vsync                         
 21 TIE                              43 TIE                           
 22 TIE                              44 TIE                           


Legend :  NC  = Not Connected, unbonded pin
        PGND  = Unused I/O configured as additional Ground pin
         KPR  = Unused I/O with weak keeper (leave unconnected)
         WPU  = Unused I/O with weak pull up (leave unconnected)
         TIE  = Unused I/O floating -- must tie to VCC, GND or other signal
         VCC  = Dedicated Power Pin
      VCCAUX  = Power supply for JTAG pins
   VCCIO-3.3  = I/O supply voltage for LVTTL, LVCMOS33, SSTL3_I
   VCCIO-2.5  = I/O supply voltage for LVCMOS25, SSTL2_I
   VCCIO-1.8  = I/O supply voltage for LVCMOS18
   VCCIO-1.5  = I/O supply voltage for LVCMOS15, HSTL_I
        VREF  = Reference voltage for indicated input standard
       *VREF  = Reference voltage pin selected by software
         GND  = Dedicated Ground Pin
         TDI  = Test Data In, JTAG pin
         TDO  = Test Data Out, JTAG pin
         TCK  = Test Clock, JTAG pin
         TMS  = Test Mode Select, JTAG pin
  PROHIBITED  = User reserved pin
****************************  Compiler Options  ****************************

Following is a list of all global compiler options used by the fitter run.

Device(s) Specified                         : xc2c64a-5-VQ44
Optimization Method                         : DENSITY
Multi-Level Logic Optimization              : ON
Ignore Timing Specifications                : OFF
Default Register Power Up Value             : LOW
Keep User Location Constraints              : ON
What-You-See-Is-What-You-Get                : OFF
Exhaustive Fitting                          : OFF
Keep Unused Inputs                          : OFF
Slew Rate                                   : FAST
Set Unused I/O Pin Termination              : FLOAT
Global Clock Optimization                   : ON
Global Set/Reset Optimization               : ON
Global Ouput Enable Optimization            : ON
Enable Input Registers                      : ON
Function Block Fan-in Limit                 : 38
Use DATA_GATE Attribute                     : ON
Set Tristate Outputs to Termination Mode    : PULLUP
Default Voltage Standard for All Outputs    : LVCMOS33
Input Limit                                 : 32
Pterm Limit                                 : 28
